0 info it worked if it ends with ok
1 verbose cli [ '/usr/bin/node', '/usr/bin/npm', 'start' ]
2 info using npm@2.1.18
3 info using node@v0.10.35
4 verbose run-script [ 'prestart', 'start', 'poststart' ]
5 info prestart postAr@1.1.2
6 info start postAr@1.1.2
7 verbose unsafe-perm in lifecycle true
8 info postAr@1.1.2 Failed to exec start script
9 verbose stack Error: postAr@1.1.2 start: `node postar.js`
9 verbose stack Exit status 8
9 verbose stack     at EventEmitter.<anonymous> (/usr/lib/node_modules/npm/lib/utils/lifecycle.js:212:16)
9 verbose stack     at EventEmitter.emit (events.js:98:17)
9 verbose stack     at ChildProcess.<anonymous> (/usr/lib/node_modules/npm/lib/utils/spawn.js:14:12)
9 verbose stack     at ChildProcess.emit (events.js:98:17)
9 verbose stack     at maybeClose (child_process.js:766:16)
9 verbose stack     at Process.ChildProcess._handle.onexit (child_process.js:833:5)
10 verbose pkgid postAr@1.1.2
11 verbose cwd /srv/http/app/my-postar
12 error Linux 3.16.7-x86_64-linode49
13 error argv "/usr/bin/node" "/usr/bin/npm" "start"
14 error node v0.10.35
15 error npm  v2.1.18
16 error code ELIFECYCLE
17 error postAr@1.1.2 start: `node postar.js`
17 error Exit status 8
18 error Failed at the postAr@1.1.2 start script 'node postar.js'.
18 error This is most likely a problem with the postAr package,
18 error not with npm itself.
18 error Tell the author that this fails on your system:
18 error     node postar.js
18 error You can get their info via:
18 error     npm owner ls postAr
18 error There is likely additional logging output above.
19 verbose exit [ 1, true ]
